app/build/intermediates/manifest_merge_blame_file/debug/processDebugMainManifest/manifest-merger-blame-debug-report.txt
1<?xml version="1.0" encoding="utf-8"?>
2<manifest xmlns:android="http://schemas.android.com/apk/res/android"
3    package="com.example.serious_game_usil"
4    android:versionCode="1"
5    android:versionName="1.0" >
6
7    <uses-sdk
8        android:minSdkVersion="30"
9        android:targetSdkVersion="34" />
10
11    <!-- Permisos necesarios -->
12    <uses-permission android:name="android.permission.INTERNET" />
12-->src/main/AndroidManifest.xml:7:5-67
12-->src/main/AndroidManifest.xml:7:22-64
13    <uses-permission android:name="android.permission.ACCESS_NETWORK_STATE" />
13-->src/main/AndroidManifest.xml:8:5-79
13-->src/main/AndroidManifest.xml:8:22-76
14    <uses-permission android:name="android.permission.ACCESS_WIFI_STATE" />
14-->src/main/AndroidManifest.xml:9:5-76
14-->src/main/AndroidManifest.xml:9:22-73
15    <uses-permission android:name="android.permission.VIBRATE" />
15-->src/main/AndroidManifest.xml:10:5-66
15-->src/main/AndroidManifest.xml:10:22-63
16    <uses-permission android:name="android.permission.CAMERA" />
16-->src/main/AndroidManifest.xml:11:5-65
16-->src/main/AndroidManifest.xml:11:22-62
17    <uses-permission android:name="android.permission.READ_EXTERNAL_STORAGE" />
17-->src/main/AndroidManifest.xml:12:5-80
17-->src/main/AndroidManifest.xml:12:22-77
18    <uses-permission
18-->src/main/AndroidManifest.xml:13:5-108
19        android:name="android.permission.WRITE_EXTERNAL_STORAGE"
19-->src/main/AndroidManifest.xml:13:22-78
20        android:maxSdkVersion="28" />
20-->src/main/AndroidManifest.xml:13:79-105
21
22    <uses-feature
22-->src/main/AndroidManifest.xml:15:5-85
23        android:name="android.hardware.camera"
23-->src/main/AndroidManifest.xml:15:19-57
24        android:required="false" />
24-->src/main/AndroidManifest.xml:15:58-82
25    <uses-feature
25-->src/main/AndroidManifest.xml:16:5-95
26        android:name="android.hardware.camera.autofocus"
26-->src/main/AndroidManifest.xml:16:19-67
27        android:required="false" />
27-->src/main/AndroidManifest.xml:16:68-92
28
29    <permission
29-->[androidx.core:core:1.13.0] AndroidManifest.xml:22:5-24:47
30        android:name="com.example.serious_game_usil.DYNAMIC_RECEIVER_NOT_EXPORTED_PERMISSION"
30-->[androidx.core:core:1.13.0] AndroidManifest.xml:23:9-81
31        android:protectionLevel="signature" />
31-->[androidx.core:core:1.13.0] AndroidManifest.xml:24:9-44
32
33    <uses-permission android:name="com.example.serious_game_usil.DYNAMIC_RECEIVER_NOT_EXPORTED_PERMISSION" />
33-->[androidx.core:core:1.13.0] AndroidManifest.xml:26:5-97
33-->[androidx.core:core:1.13.0] AndroidManifest.xml:26:22-94
34
35    <application
35-->src/main/AndroidManifest.xml:19:5-211:19
36        android:name="com.example.serious_game_usil.presentation.ui.main.MyApp"
36-->src/main/AndroidManifest.xml:20:9-51
37        android:allowBackup="true"
37-->src/main/AndroidManifest.xml:21:9-35
38        android:appComponentFactory="androidx.core.app.CoreComponentFactory"
38-->[androidx.core:core:1.13.0] AndroidManifest.xml:28:18-86
39        android:debuggable="true"
40        android:extractNativeLibs="false"
41        android:icon="@mipmap/ic_launcher"
41-->src/main/AndroidManifest.xml:22:9-43
42        android:label="@string/app_name"
42-->src/main/AndroidManifest.xml:23:9-41
43        android:networkSecurityConfig="@xml/network_security_config"
43-->src/main/AndroidManifest.xml:28:9-69
44        android:requestLegacyExternalStorage="true"
44-->src/main/AndroidManifest.xml:29:9-52
45        android:roundIcon="@mipmap/ic_launcher_round"
45-->src/main/AndroidManifest.xml:24:9-54
46        android:supportsRtl="true"
46-->src/main/AndroidManifest.xml:25:9-35
47        android:testOnly="true"
48        android:theme="@style/Theme.SeriousGameUSIL"
48-->src/main/AndroidManifest.xml:26:9-53
49        android:usesCleartextTraffic="true" >
49-->src/main/AndroidManifest.xml:27:9-44
50        <activity
50-->src/main/AndroidManifest.xml:34:9-43:20
51            android:name="com.example.serious_game_usil.presentation.ui.splash.PreloaderActivity"
51-->src/main/AndroidManifest.xml:35:13-69
52            android:exported="true"
52-->src/main/AndroidManifest.xml:36:13-36
53            android:screenOrientation="portrait"
53-->src/main/AndroidManifest.xml:37:13-49
54            android:theme="@style/Theme.SeriousGameUSIL.NoActionBar" >
54-->src/main/AndroidManifest.xml:38:13-69
55            <intent-filter>
55-->src/main/AndroidManifest.xml:39:13-42:29
56                <action android:name="android.intent.action.MAIN" />
56-->src/main/AndroidManifest.xml:40:17-69
56-->src/main/AndroidManifest.xml:40:25-66
57
58                <category android:name="android.intent.category.LAUNCHER" />
58-->src/main/AndroidManifest.xml:41:17-77
58-->src/main/AndroidManifest.xml:41:27-74
59            </intent-filter>
60        </activity>
61
62        <!-- Login Activity -->
63        <activity
63-->src/main/AndroidManifest.xml:46:9-51:72
64            android:name="com.example.serious_game_usil.presentation.ui.login.LoginActivity"
64-->src/main/AndroidManifest.xml:47:13-64
65            android:exported="false"
65-->src/main/AndroidManifest.xml:48:13-37
66            android:screenOrientation="portrait"
66-->src/main/AndroidManifest.xml:49:13-49
67            android:theme="@style/Theme.SeriousGameUSIL.NoActionBar"
67-->src/main/AndroidManifest.xml:51:13-69
68            android:windowSoftInputMode="adjustResize" />
68-->src/main/AndroidManifest.xml:50:13-55
69
70        <!-- Register Activity -->
71        <activity
71-->src/main/AndroidManifest.xml:54:9-59:72
72            android:name="com.example.serious_game_usil.presentation.ui.register.RegisterActivity"
72-->src/main/AndroidManifest.xml:55:13-70
73            android:exported="false"
73-->src/main/AndroidManifest.xml:56:13-37
74            android:screenOrientation="portrait"
74-->src/main/AndroidManifest.xml:57:13-49
75            android:theme="@style/Theme.SeriousGameUSIL.NoActionBar"
75-->src/main/AndroidManifest.xml:59:13-69
76            android:windowSoftInputMode="adjustResize" />
76-->src/main/AndroidManifest.xml:58:13-55
77
78        <!-- Main Activity -->
79        <activity
79-->src/main/AndroidManifest.xml:62:9-66:60
80            android:name="com.example.serious_game_usil.presentation.ui.main.MainActivity"
80-->src/main/AndroidManifest.xml:63:13-62
81            android:exported="false"
81-->src/main/AndroidManifest.xml:64:13-37
82            android:screenOrientation="portrait"
82-->src/main/AndroidManifest.xml:65:13-49
83            android:theme="@style/Theme.SeriousGameUSIL" />
83-->src/main/AndroidManifest.xml:66:13-57
84        <activity
84-->src/main/AndroidManifest.xml:70:9-75:72
85            android:name="com.example.serious_game_usil.presentation.ui.password.OtpVerificationActivity"
85-->src/main/AndroidManifest.xml:71:13-77
86            android:exported="false"
86-->src/main/AndroidManifest.xml:72:13-37
87            android:screenOrientation="portrait"
87-->src/main/AndroidManifest.xml:73:13-49
88            android:theme="@style/Theme.SeriousGameUSIL.NoActionBar"
88-->src/main/AndroidManifest.xml:75:13-69
89            android:windowSoftInputMode="adjustResize" />
89-->src/main/AndroidManifest.xml:74:13-55
90        <activity
90-->src/main/AndroidManifest.xml:77:9-82:72
91            android:name="com.example.serious_game_usil.presentation.ui.password.ResetPasswordActivity"
91-->src/main/AndroidManifest.xml:78:13-75
92            android:exported="false"
92-->src/main/AndroidManifest.xml:79:13-37
93            android:screenOrientation="portrait"
93-->src/main/AndroidManifest.xml:80:13-49
94            android:theme="@style/Theme.SeriousGameUSIL.NoActionBar"
94-->src/main/AndroidManifest.xml:82:13-69
95            android:windowSoftInputMode="adjustResize" />
95-->src/main/AndroidManifest.xml:81:13-55
96        <activity
96-->src/main/AndroidManifest.xml:84:9-88:72
97            android:name="com.example.serious_game_usil.presentation.ui.password.PasswordResetSuccessActivity"
97-->src/main/AndroidManifest.xml:85:13-82
98            android:exported="false"
98-->src/main/AndroidManifest.xml:86:13-37
99            android:screenOrientation="portrait"
99-->src/main/AndroidManifest.xml:87:13-49
100            android:theme="@style/Theme.SeriousGameUSIL.NoActionBar" />
100-->src/main/AndroidManifest.xml:88:13-69
101
102        <!-- Password Change Activities -->
103        <activity
103-->src/main/AndroidManifest.xml:91:9-96:72
104            android:name="com.example.serious_game_usil.presentation.ui.password.ValidateEmailActivity"
104-->src/main/AndroidManifest.xml:92:13-75
105            android:exported="false"
105-->src/main/AndroidManifest.xml:93:13-37
106            android:screenOrientation="portrait"
106-->src/main/AndroidManifest.xml:94:13-49
107            android:theme="@style/Theme.SeriousGameUSIL.NoActionBar"
107-->src/main/AndroidManifest.xml:96:13-69
108            android:windowSoftInputMode="adjustResize" />
108-->src/main/AndroidManifest.xml:95:13-55
109        <activity
109-->src/main/AndroidManifest.xml:98:9-103:72
110            android:name="com.example.serious_game_usil.presentation.ui.password.PasswordOTPActivity"
110-->src/main/AndroidManifest.xml:99:13-73
111            android:exported="false"
111-->src/main/AndroidManifest.xml:100:13-37
112            android:screenOrientation="portrait"
112-->src/main/AndroidManifest.xml:101:13-49
113            android:theme="@style/Theme.SeriousGameUSIL.NoActionBar"
113-->src/main/AndroidManifest.xml:103:13-69
114            android:windowSoftInputMode="adjustResize" />
114-->src/main/AndroidManifest.xml:102:13-55
115        <activity
115-->src/main/AndroidManifest.xml:105:9-110:72
116            android:name="com.example.serious_game_usil.presentation.ui.password.NewPasswordActivity"
116-->src/main/AndroidManifest.xml:106:13-73
117            android:exported="false"
117-->src/main/AndroidManifest.xml:107:13-37
118            android:screenOrientation="portrait"
118-->src/main/AndroidManifest.xml:108:13-49
119            android:theme="@style/Theme.SeriousGameUSIL.NoActionBar"
119-->src/main/AndroidManifest.xml:110:13-69
120            android:windowSoftInputMode="adjustResize" />
120-->src/main/AndroidManifest.xml:109:13-55
121        <activity
121-->src/main/AndroidManifest.xml:112:9-116:72
122            android:name="com.example.serious_game_usil.guards.UnauthorizedActivity"
122-->src/main/AndroidManifest.xml:113:13-56
123            android:exported="false"
123-->src/main/AndroidManifest.xml:114:13-37
124            android:screenOrientation="portrait"
124-->src/main/AndroidManifest.xml:115:13-49
125            android:theme="@style/Theme.SeriousGameUSIL.NoActionBar" />
125-->src/main/AndroidManifest.xml:116:13-69
126        <activity
126-->src/main/AndroidManifest.xml:118:9-122:72
127            android:name="com.example.serious_game_usil.presentation.ui.administrador.DashboardActivity"
127-->src/main/AndroidManifest.xml:119:13-76
128            android:exported="false"
128-->src/main/AndroidManifest.xml:120:13-37
129            android:screenOrientation="portrait"
129-->src/main/AndroidManifest.xml:121:13-49
130            android:theme="@style/Theme.SeriousGameUSIL.NoActionBar" />
130-->src/main/AndroidManifest.xml:122:13-69
131        <activity
131-->src/main/AndroidManifest.xml:124:9-126:72
132            android:name="com.example.serious_game_usil.presentation.ui.administrador.list.ListUserActivity"
132-->src/main/AndroidManifest.xml:125:13-80
133            android:theme="@style/Theme.SeriousGameUSIL.NoActionBar" />
133-->src/main/AndroidManifest.xml:126:13-69
134        <activity
134-->src/main/AndroidManifest.xml:128:9-136:20
135            android:name="com.example.serious_game_usil.presentation.ui.administrador.list.CreateUserActivity"
135-->src/main/AndroidManifest.xml:129:13-82
136            android:label="Registrar Usuario"
136-->src/main/AndroidManifest.xml:130:13-46
137            android:parentActivityName="com.example.serious_game_usil.presentation.ui.administrador.list.ListUserActivity"
137-->src/main/AndroidManifest.xml:131:13-94
138            android:theme="@style/Theme.SeriousGameUSIL.NoActionBar" >
138-->src/main/AndroidManifest.xml:132:13-69
139            <meta-data
139-->src/main/AndroidManifest.xml:133:13-135:88
140                android:name="android.support.PARENT_ACTIVITY"
140-->src/main/AndroidManifest.xml:134:17-63
141                android:value=".presentation.ui.administrador.list.ListUserActivity" />
141-->src/main/AndroidManifest.xml:135:17-85
142        </activity>
143        <activity
143-->src/main/AndroidManifest.xml:139:9-147:20
144            android:name="com.example.serious_game_usil.presentation.ui.administrador.list.EditUserActivity"
144-->src/main/AndroidManifest.xml:140:13-80
145            android:label="Editar Usuario"
145-->src/main/AndroidManifest.xml:141:13-43
146            android:parentActivityName="com.example.serious_game_usil.presentation.ui.administrador.list.ListUserActivity"
146-->src/main/AndroidManifest.xml:142:13-94
147            android:theme="@style/Theme.SeriousGameUSIL.NoActionBar" >
147-->src/main/AndroidManifest.xml:143:13-69
148            <meta-data
148-->src/main/AndroidManifest.xml:133:13-135:88
149                android:name="android.support.PARENT_ACTIVITY"
149-->src/main/AndroidManifest.xml:134:17-63
150                android:value=".presentation.ui.administrador.list.ListUserActivity" />
150-->src/main/AndroidManifest.xml:135:17-85
151        </activity>
152        <activity
152-->src/main/AndroidManifest.xml:149:9-157:20
153            android:name="com.example.serious_game_usil.presentation.ui.administrador.profile.ProfileActivity"
153-->src/main/AndroidManifest.xml:150:13-82
154            android:label="Perfil de Usuario"
154-->src/main/AndroidManifest.xml:151:13-46
155            android:parentActivityName="com.example.serious_game_usil.presentation.ui.administrador.list.ListUserActivity"
155-->src/main/AndroidManifest.xml:152:13-94
156            android:theme="@style/Theme.SeriousGameUSIL.NoActionBar" >
156-->src/main/AndroidManifest.xml:153:13-69
157            <meta-data
157-->src/main/AndroidManifest.xml:133:13-135:88
158                android:name="android.support.PARENT_ACTIVITY"
158-->src/main/AndroidManifest.xml:134:17-63
159                android:value=".presentation.ui.administrador.list.ListUserActivity" />
159-->src/main/AndroidManifest.xml:135:17-85
160        </activity>
161        <activity
161-->src/main/AndroidManifest.xml:160:9-168:20
162            android:name="com.example.serious_game_usil.presentation.ui.administrador.roles.ListRoles"
162-->src/main/AndroidManifest.xml:161:13-74
163            android:label="Gestión de Roles"
163-->src/main/AndroidManifest.xml:162:13-45
164            android:parentActivityName="com.example.serious_game_usil.presentation.ui.administrador.roles.ListRoles"
164-->src/main/AndroidManifest.xml:163:13-88
165            android:theme="@style/Theme.SeriousGameUSIL.NoActionBar" >
165-->src/main/AndroidManifest.xml:164:13-69
166            <meta-data
166-->src/main/AndroidManifest.xml:133:13-135:88
167                android:name="android.support.PARENT_ACTIVITY"
167-->src/main/AndroidManifest.xml:134:17-63
168                android:value=".presentation.ui.administrador.DashboardActivity" />
168-->src/main/AndroidManifest.xml:135:17-85
169        </activity>
170        <activity
170-->src/main/AndroidManifest.xml:172:9-180:20
171            android:name="com.example.serious_game_usil.presentation.ui.administrador.roles.CreateRole"
171-->src/main/AndroidManifest.xml:173:13-75
172            android:label="Crear Rol"
172-->src/main/AndroidManifest.xml:174:13-38
173            android:parentActivityName="com.example.serious_game_usil.presentation.ui.administrador.roles.CreateRole"
173-->src/main/AndroidManifest.xml:175:13-89
174            android:theme="@style/Theme.Serious_game_usil" >
174-->src/main/AndroidManifest.xml:176:13-59
175            <meta-data
175-->src/main/AndroidManifest.xml:133:13-135:88
176                android:name="android.support.PARENT_ACTIVITY"
176-->src/main/AndroidManifest.xml:134:17-63
177                android:value=".presentation.ui.administrador.roles.ListRoles" />
177-->src/main/AndroidManifest.xml:135:17-85
178        </activity>
179        <activity
179-->src/main/AndroidManifest.xml:182:9-190:20
180            android:name="com.example.serious_game_usil.presentation.ui.administrador.roles.EditRole"
180-->src/main/AndroidManifest.xml:183:13-73
181            android:label="Editar Rol"
181-->src/main/AndroidManifest.xml:184:13-39
182            android:parentActivityName="com.example.serious_game_usil.presentation.ui.administrador.roles.EditRole"
182-->src/main/AndroidManifest.xml:185:13-87
183            android:theme="@style/Theme.Serious_game_usil" >
183-->src/main/AndroidManifest.xml:186:13-59
184            <meta-data
184-->src/main/AndroidManifest.xml:133:13-135:88
185                android:name="android.support.PARENT_ACTIVITY"
185-->src/main/AndroidManifest.xml:134:17-63
186                android:value=".presentation.ui.administrador.roles.ListRoles" />
186-->src/main/AndroidManifest.xml:135:17-85
187        </activity>
188        <activity
188-->src/main/AndroidManifest.xml:192:9-200:20
189            android:name="com.example.serious_game_usil.presentation.ui.administrador.roles.UserRole"
189-->src/main/AndroidManifest.xml:193:13-73
190            android:label="Usuarios por Rol"
190-->src/main/AndroidManifest.xml:194:13-45
191            android:parentActivityName="com.example.serious_game_usil.presentation.ui.administrador.roles.ListRoles"
191-->src/main/AndroidManifest.xml:195:13-88
192            android:theme="@style/Theme.Serious_game_usil" >
192-->src/main/AndroidManifest.xml:196:13-59
193            <meta-data
193-->src/main/AndroidManifest.xml:133:13-135:88
194                android:name="android.support.PARENT_ACTIVITY"
194-->src/main/AndroidManifest.xml:134:17-63
195                android:value=".presentation.ui.administrador.roles.ListRoles" />
195-->src/main/AndroidManifest.xml:135:17-85
196        </activity>
197
198        <provider
199            android:name="androidx.core.content.FileProvider"
199-->src/main/AndroidManifest.xml:203:13-62
200            android:authorities="com.example.serious_game_usil.fileprovider"
200-->src/main/AndroidManifest.xml:204:13-64
201            android:exported="false"
201-->src/main/AndroidManifest.xml:205:13-37
202            android:grantUriPermissions="true" >
202-->src/main/AndroidManifest.xml:206:13-47
203            <meta-data
203-->src/main/AndroidManifest.xml:207:13-209:54
204                android:name="android.support.FILE_PROVIDER_PATHS"
204-->src/main/AndroidManifest.xml:208:17-67
205                android:resource="@xml/file_paths" />
205-->src/main/AndroidManifest.xml:209:17-51
206        </provider>
207
208        <activity
208-->[androidx.compose.ui:ui-tooling-android:1.6.6] AndroidManifest.xml:23:9-25:39
209            android:name="androidx.compose.ui.tooling.PreviewActivity"
209-->[androidx.compose.ui:ui-tooling-android:1.6.6] AndroidManifest.xml:24:13-71
210            android:exported="true" />
210-->[androidx.compose.ui:ui-tooling-android:1.6.6] AndroidManifest.xml:25:13-36
211        <activity
211-->[androidx.compose.ui:ui-test-manifest:1.6.6] AndroidManifest.xml:23:9-25:39
212            android:name="androidx.activity.ComponentActivity"
212-->[androidx.compose.ui:ui-test-manifest:1.6.6] AndroidManifest.xml:24:13-63
213            android:exported="true" />
213-->[androidx.compose.ui:ui-test-manifest:1.6.6] AndroidManifest.xml:25:13-36
214
215        <provider
215-->[androidx.emoji2:emoji2:1.3.0] AndroidManifest.xml:24:9-32:20
216            android:name="androidx.startup.InitializationProvider"
216-->[androidx.emoji2:emoji2:1.3.0] AndroidManifest.xml:25:13-67
217            android:authorities="com.example.serious_game_usil.androidx-startup"
217-->[androidx.emoji2:emoji2:1.3.0] AndroidManifest.xml:26:13-68
218            android:exported="false" >
218-->[androidx.emoji2:emoji2:1.3.0] AndroidManifest.xml:27:13-37
219            <meta-data
219-->[androidx.emoji2:emoji2:1.3.0] AndroidManifest.xml:29:13-31:52
220                android:name="androidx.emoji2.text.EmojiCompatInitializer"
220-->[androidx.emoji2:emoji2:1.3.0] AndroidManifest.xml:30:17-75
221                android:value="androidx.startup" />
221-->[androidx.emoji2:emoji2:1.3.0] AndroidManifest.xml:31:17-49
222            <meta-data
222-->[androidx.lifecycle:lifecycle-process:2.7.0] AndroidManifest.xml:29:13-31:52
223                android:name="androidx.lifecycle.ProcessLifecycleInitializer"
223-->[androidx.lifecycle:lifecycle-process:2.7.0] AndroidManifest.xml:30:17-78
224                android:value="androidx.startup" />
224-->[androidx.lifecycle:lifecycle-process:2.7.0] AndroidManifest.xml:31:17-49
225            <meta-data
225-->[androidx.profileinstaller:profileinstaller:1.4.0] AndroidManifest.xml:29:13-31:52
226                android:name="androidx.profileinstaller.ProfileInstallerInitializer"
226-->[androidx.profileinstaller:profileinstaller:1.4.0] AndroidManifest.xml:30:17-85
227                android:value="androidx.startup" />
227-->[androidx.profileinstaller:profileinstaller:1.4.0] AndroidManifest.xml:31:17-49
228        </provider>
229
230        <receiver
230-->[androidx.profileinstaller:profileinstaller:1.4.0] AndroidManifest.xml:34:9-52:20
231            android:name="androidx.profileinstaller.ProfileInstallReceiver"
231-->[androidx.profileinstaller:profileinstaller:1.4.0] AndroidManifest.xml:35:13-76
232            android:directBootAware="false"
232-->[androidx.profileinstaller:profileinstaller:1.4.0] AndroidManifest.xml:36:13-44
233            android:enabled="true"
233-->[androidx.profileinstaller:profileinstaller:1.4.0] AndroidManifest.xml:37:13-35
234            android:exported="true"
234-->[androidx.profileinstaller:profileinstaller:1.4.0] AndroidManifest.xml:38:13-36
235            android:permission="android.permission.DUMP" >
235-->[androidx.profileinstaller:profileinstaller:1.4.0] AndroidManifest.xml:39:13-57
236            <intent-filter>
236-->[androidx.profileinstaller:profileinstaller:1.4.0] AndroidManifest.xml:40:13-42:29
237                <action android:name="androidx.profileinstaller.action.INSTALL_PROFILE" />
237-->[androidx.profileinstaller:profileinstaller:1.4.0] AndroidManifest.xml:41:17-91
237-->[androidx.profileinstaller:profileinstaller:1.4.0] AndroidManifest.xml:41:25-88
238            </intent-filter>
239            <intent-filter>
239-->[androidx.profileinstaller:profileinstaller:1.4.0] AndroidManifest.xml:43:13-45:29
240                <action android:name="androidx.profileinstaller.action.SKIP_FILE" />
240-->[androidx.profileinstaller:profileinstaller:1.4.0] AndroidManifest.xml:44:17-85
240-->[androidx.profileinstaller:profileinstaller:1.4.0] AndroidManifest.xml:44:25-82
241            </intent-filter>
242            <intent-filter>
242-->[androidx.profileinstaller:profileinstaller:1.4.0] AndroidManifest.xml:46:13-48:29
243                <action android:name="androidx.profileinstaller.action.SAVE_PROFILE" />
243-->[androidx.profileinstaller:profileinstaller:1.4.0] AndroidManifest.xml:47:17-88
243-->[androidx.profileinstaller:profileinstaller:1.4.0] AndroidManifest.xml:47:25-85
244            </intent-filter>
245            <intent-filter>
245-->[androidx.profileinstaller:profileinstaller:1.4.0] AndroidManifest.xml:49:13-51:29
246                <action android:name="androidx.profileinstaller.action.BENCHMARK_OPERATION" />
246-->[androidx.profileinstaller:profileinstaller:1.4.0] AndroidManifest.xml:50:17-95
246-->[androidx.profileinstaller:profileinstaller:1.4.0] AndroidManifest.xml:50:25-92
247            </intent-filter>
248        </receiver>
249    </application>
250
251</manifest>